2025-01-23 11:56:54,325 - INFO - Inicializando bot---
2025-01-23 11:56:54,329 - INFO - Abrindo site da Webmotors ---
2025-01-23 11:56:54,331 - INFO - ====== WebDriver manager ======
2025-01-23 11:56:54,850 - INFO - Get LATEST chromedriver version for google-chrome
2025-01-23 11:56:55,461 - INFO - Get LATEST chromedriver version for google-chrome
2025-01-23 11:56:55,935 - INFO - There is no [linux64] chromedriver "132.0.6834.110" for browser google-chrome "132.0.6834" in cache
2025-01-23 11:56:55,937 - INFO - Get LATEST chromedriver version for google-chrome
2025-01-23 11:56:57,643 - INFO - WebDriver version 132.0.6834.110 selected
2025-01-23 11:56:57,655 - INFO - Modern chrome version https://storage.googleapis.com/chrome-for-testing-public/132.0.6834.110/linux64/chromedriver-linux64.zip
2025-01-23 11:56:57,658 - INFO - About to download new driver from https://storage.googleapis.com/chrome-for-testing-public/132.0.6834.110/linux64/chromedriver-linux64.zip
2025-01-23 11:56:58,817 - INFO - Driver downloading response is 200
2025-01-23 11:57:07,354 - INFO - Get LATEST chromedriver version for google-chrome
2025-01-23 11:57:08,196 - INFO - Driver has been saved in cache [/home/gabriel/.wdm/drivers/chromedriver/linux64/132.0.6834.110]
2025-01-23 11:57:18,286 - INFO - patching driver executable /home/gabriel/.local/share/undetected_chromedriver/undetected_chromedriver
2025-01-23 12:03:36,474 - INFO - Inicializando bot---
2025-01-23 12:03:36,476 - INFO - Abrindo site da Webmotors ---
2025-01-23 12:03:36,477 - INFO - ====== WebDriver manager ======
2025-01-23 12:03:36,604 - INFO - Get LATEST chromedriver version for google-chrome
2025-01-23 12:03:37,148 - INFO - Get LATEST chromedriver version for google-chrome
2025-01-23 12:03:37,425 - INFO - Driver [/home/gabriel/.wdm/drivers/chromedriver/linux64/132.0.6834.110/chromedriver-linux64/chromedriver] found in cache
2025-01-23 12:03:41,309 - INFO - patching driver executable /home/gabriel/.local/share/undetected_chromedriver/undetected_chromedriver
2025-01-23 12:06:46,025 - INFO - Inicializando bot---
2025-01-23 12:06:46,027 - INFO - Abrindo site da Webmotors ---
2025-01-23 12:06:46,028 - INFO - ====== WebDriver manager ======
2025-01-23 12:06:46,155 - INFO - Get LATEST chromedriver version for google-chrome
2025-01-23 12:06:46,474 - INFO - Get LATEST chromedriver version for google-chrome
2025-01-23 12:06:46,835 - INFO - Driver [/home/gabriel/.wdm/drivers/chromedriver/linux64/132.0.6834.110/chromedriver-linux64/chromedriver] found in cache
2025-01-23 12:06:50,170 - INFO - patching driver executable /home/gabriel/.local/share/undetected_chromedriver/undetected_chromedriver
2025-01-23 12:17:41,326 - INFO - Inicializando bot---
2025-01-23 12:17:41,328 - INFO - Abrindo site da Webmotors ---
2025-01-23 12:17:41,330 - INFO - ====== WebDriver manager ======
2025-01-23 12:17:41,471 - INFO - Get LATEST chromedriver version for google-chrome
2025-01-23 12:17:41,890 - INFO - Get LATEST chromedriver version for google-chrome
2025-01-23 12:17:42,662 - INFO - Driver [/home/gabriel/.wdm/drivers/chromedriver/linux64/132.0.6834.110/chromedriver-linux64/chromedriver] found in cache
2025-01-23 12:17:47,167 - INFO - patching driver executable /home/gabriel/.local/share/undetected_chromedriver/undetected_chromedriver
2025-01-23 12:19:16,695 - INFO - Inicializando bot---
2025-01-23 12:19:16,697 - INFO - Abrindo site da Webmotors ---
2025-01-23 12:19:16,699 - INFO - ====== WebDriver manager ======
2025-01-23 12:19:16,828 - INFO - Get LATEST chromedriver version for google-chrome
2025-01-23 12:19:17,461 - INFO - Get LATEST chromedriver version for google-chrome
2025-01-23 12:19:17,966 - INFO - Driver [/home/gabriel/.wdm/drivers/chromedriver/linux64/132.0.6834.110/chromedriver-linux64/chromedriver] found in cache
2025-01-23 12:19:23,476 - INFO - patching driver executable /home/gabriel/.local/share/undetected_chromedriver/undetected_chromedriver
2025-01-23 12:22:52,965 - INFO - Inicializando bot---
2025-01-23 12:22:52,967 - INFO - Abrindo site da Webmotors ---
2025-01-23 12:22:52,969 - INFO - ====== WebDriver manager ======
2025-01-23 12:22:53,098 - INFO - Get LATEST chromedriver version for google-chrome
2025-01-23 12:22:53,753 - INFO - Get LATEST chromedriver version for google-chrome
2025-01-23 12:22:54,184 - INFO - Driver [/home/gabriel/.wdm/drivers/chromedriver/linux64/132.0.6834.110/chromedriver-linux64/chromedriver] found in cache
2025-01-23 12:22:58,536 - INFO - patching driver executable /home/gabriel/.local/share/undetected_chromedriver/undetected_chromedriver
2025-01-23 12:24:03,937 - INFO - Procurando carros ---
2025-01-23 12:30:40,991 - INFO - Inicializando bot---
2025-01-23 12:30:40,993 - INFO - Abrindo site da Webmotors ---
2025-01-23 12:30:40,996 - INFO - ====== WebDriver manager ======
2025-01-23 12:30:41,142 - INFO - Get LATEST chromedriver version for google-chrome
2025-01-23 12:30:41,430 - INFO - Get LATEST chromedriver version for google-chrome
2025-01-23 12:30:41,954 - INFO - Driver [/home/gabriel/.wdm/drivers/chromedriver/linux64/132.0.6834.110/chromedriver-linux64/chromedriver] found in cache
2025-01-23 12:30:46,776 - INFO - patching driver executable /home/gabriel/.local/share/undetected_chromedriver/undetected_chromedriver
2025-01-23 12:34:45,794 - INFO - Procurando carros ---
2025-01-23 12:38:57,760 - INFO - Inicializando bot---
2025-01-23 12:38:57,763 - INFO - Abrindo site da Webmotors ---
2025-01-23 12:38:57,764 - INFO - ====== WebDriver manager ======
2025-01-23 12:38:57,895 - INFO - Get LATEST chromedriver version for google-chrome
2025-01-23 12:38:58,362 - INFO - Get LATEST chromedriver version for google-chrome
2025-01-23 12:38:58,963 - INFO - Driver [/home/gabriel/.wdm/drivers/chromedriver/linux64/132.0.6834.110/chromedriver-linux64/chromedriver] found in cache
2025-01-23 12:39:08,600 - INFO - patching driver executable /home/gabriel/.local/share/undetected_chromedriver/undetected_chromedriver
2025-01-23 12:39:56,258 - INFO - Procurando carros ---
2025-01-23 12:47:29,622 - INFO - Inicializando bot---
2025-01-23 12:47:29,624 - INFO - Abrindo site da Webmotors ---
2025-01-23 12:47:29,626 - INFO - ====== WebDriver manager ======
2025-01-23 12:47:29,754 - INFO - Get LATEST chromedriver version for google-chrome
