2025-01-22 14:19:16,541 - INFO - Inicializando bot---
2025-01-22 14:19:19,804 - INFO - Abrindo site da OLX ---
2025-01-22 14:19:19,812 - INFO - ====== WebDriver manager ======
2025-01-22 14:19:20,406 - INFO - Get LATEST chromedriver version for google-chrome
2025-01-22 14:19:20,478 - INFO - Get LATEST chromedriver version for google-chrome
2025-01-22 14:19:20,581 - INFO - Get LATEST chromedriver version for google-chrome
2025-01-22 14:19:20,806 - INFO - WebDriver version 132.0.6834.83 selected
2025-01-22 14:19:20,811 - INFO - Modern chrome version https://storage.googleapis.com/chrome-for-testing-public/132.0.6834.83/linux64/chromedriver-linux64.zip
2025-01-22 14:19:20,811 - INFO - About to download new driver from https://storage.googleapis.com/chrome-for-testing-public/132.0.6834.83/linux64/chromedriver-linux64.zip
2025-01-22 14:19:21,059 - INFO - Driver downloading response is 200
2025-01-22 14:19:21,600 - INFO - Get LATEST chromedriver version for google-chrome
2025-01-22 14:19:22,007 - INFO - Driver has been saved in cache [/home/gabriel/.wdm/drivers/chromedriver/linux64/132.0.6834.83]
2025-01-22 14:19:23,172 - INFO - patching driver executable /home/gabriel/.local/share/undetected_chromedriver/undetected_chromedriver
2025-01-22 14:21:05,033 - INFO - Inicializando bot---
2025-01-22 14:21:09,229 - INFO - Abrindo site da OLX ---
2025-01-22 14:21:09,246 - INFO - ====== WebDriver manager ======
2025-01-22 14:21:09,536 - INFO - Get LATEST chromedriver version for google-chrome
2025-01-22 14:21:09,646 - INFO - Get LATEST chromedriver version for google-chrome
2025-01-22 14:21:09,871 - INFO - Driver [/home/gabriel/.wdm/drivers/chromedriver/linux64/132.0.6834.83/chromedriver-linux64/chromedriver] found in cache
2025-01-22 14:21:11,131 - INFO - patching driver executable /home/gabriel/.local/share/undetected_chromedriver/undetected_chromedriver
2025-01-22 14:23:26,402 - INFO - Inicializando bot---
2025-01-22 14:23:46,326 - INFO - Abrindo site da OLX ---
2025-01-22 14:23:51,424 - INFO - ====== WebDriver manager ======
2025-01-22 14:23:51,760 - INFO - Get LATEST chromedriver version for google-chrome
2025-01-22 14:23:51,873 - INFO - Get LATEST chromedriver version for google-chrome
2025-01-22 14:23:52,011 - INFO - Driver [/home/gabriel/.wdm/drivers/chromedriver/linux64/132.0.6834.83/chromedriver-linux64/chromedriver] found in cache
2025-01-22 14:23:58,537 - INFO - patching driver executable /home/gabriel/.local/share/undetected_chromedriver/undetected_chromedriver
2025-01-22 14:24:21,717 - INFO - Procurando carros ---
2025-01-22 15:07:52,963 - INFO - Inicializando bot---
2025-01-22 15:07:59,428 - INFO - Abrindo site da OLX ---
2025-01-22 15:07:59,431 - INFO - ====== WebDriver manager ======
2025-01-22 15:07:59,822 - INFO - Get LATEST chromedriver version for google-chrome
2025-01-22 15:07:59,890 - INFO - Get LATEST chromedriver version for google-chrome
2025-01-22 15:07:59,945 - INFO - Driver [/home/gabriel/.wdm/drivers/chromedriver/linux64/132.0.6834.83/chromedriver-linux64/chromedriver] found in cache
2025-01-22 15:08:01,254 - INFO - patching driver executable /home/gabriel/.local/share/undetected_chromedriver/undetected_chromedriver
2025-01-22 15:08:19,657 - INFO - Procurando carros ---
2025-01-22 15:11:15,520 - INFO - Inicializando bot---
2025-01-22 15:11:40,434 - INFO - Abrindo site da OLX ---
2025-01-22 15:11:40,440 - INFO - ====== WebDriver manager ======
2025-01-22 15:11:40,601 - INFO - Get LATEST chromedriver version for google-chrome
2025-01-22 15:11:40,663 - INFO - Get LATEST chromedriver version for google-chrome
2025-01-22 15:11:40,714 - INFO - Driver [/home/gabriel/.wdm/drivers/chromedriver/linux64/132.0.6834.83/chromedriver-linux64/chromedriver] found in cache
2025-01-22 15:11:41,830 - INFO - patching driver executable /home/gabriel/.local/share/undetected_chromedriver/undetected_chromedriver
2025-01-22 15:11:58,177 - INFO - Procurando carros ---
2025-01-22 15:14:43,358 - INFO - Inicializando bot---
2025-01-22 15:14:53,669 - INFO - Abrindo site da OLX ---
2025-01-22 15:14:53,679 - INFO - ====== WebDriver manager ======
2025-01-22 15:14:53,853 - INFO - Get LATEST chromedriver version for google-chrome
2025-01-22 15:14:53,936 - INFO - Get LATEST chromedriver version for google-chrome
2025-01-22 15:14:53,988 - INFO - Driver [/home/gabriel/.wdm/drivers/chromedriver/linux64/132.0.6834.83/chromedriver-linux64/chromedriver] found in cache
2025-01-22 15:14:55,096 - INFO - patching driver executable /home/gabriel/.local/share/undetected_chromedriver/undetected_chromedriver
2025-01-22 15:15:14,393 - INFO - Procurando carros ---
2025-01-22 15:16:41,631 - INFO - Inicializando bot---
2025-01-22 15:16:41,632 - INFO - Abrindo site da OLX ---
2025-01-22 15:16:41,635 - INFO - ====== WebDriver manager ======
2025-01-22 15:16:41,767 - INFO - Get LATEST chromedriver version for google-chrome
2025-01-22 15:16:41,828 - INFO - Get LATEST chromedriver version for google-chrome
2025-01-22 15:16:41,873 - INFO - Driver [/home/gabriel/.wdm/drivers/chromedriver/linux64/132.0.6834.83/chromedriver-linux64/chromedriver] found in cache
2025-01-22 15:16:42,932 - INFO - patching driver executable /home/gabriel/.local/share/undetected_chromedriver/undetected_chromedriver
2025-01-22 15:17:05,111 - INFO - Procurando carros ---
2025-01-22 15:20:48,351 - INFO - Inicializando bot---
2025-01-22 15:20:48,355 - INFO - Abrindo site da OLX ---
2025-01-22 15:20:48,361 - INFO - ====== WebDriver manager ======
2025-01-22 15:20:48,504 - INFO - Get LATEST chromedriver version for google-chrome
2025-01-22 15:20:48,565 - INFO - Get LATEST chromedriver version for google-chrome
2025-01-22 15:20:48,615 - INFO - Driver [/home/gabriel/.wdm/drivers/chromedriver/linux64/132.0.6834.83/chromedriver-linux64/chromedriver] found in cache
2025-01-22 15:20:49,680 - INFO - patching driver executable /home/gabriel/.local/share/undetected_chromedriver/undetected_chromedriver
2025-01-22 15:21:09,479 - INFO - Procurando carros ---
2025-01-22 15:30:12,468 - INFO - Inicializando bot---
2025-01-22 15:30:12,471 - INFO - Abrindo site da OLX ---
2025-01-22 15:30:12,474 - INFO - ====== WebDriver manager ======
2025-01-22 15:30:12,662 - INFO - Get LATEST chromedriver version for google-chrome
2025-01-22 15:30:12,744 - INFO - Get LATEST chromedriver version for google-chrome
2025-01-22 15:30:12,794 - INFO - Driver [/home/gabriel/.wdm/drivers/chromedriver/linux64/132.0.6834.83/chromedriver-linux64/chromedriver] found in cache
2025-01-22 15:30:13,962 - INFO - patching driver executable /home/gabriel/.local/share/undetected_chromedriver/undetected_chromedriver
2025-01-22 15:30:35,117 - INFO - Procurando carros ---
2025-01-22 15:32:51,888 - INFO - Indo para segunda página ---
2025-01-22 15:33:40,114 - INFO - Procurando carros ---
2025-01-22 15:36:27,381 - INFO - Inicializando bot---
2025-01-22 15:36:27,382 - INFO - Abrindo site do Mercado Livre ---
2025-01-22 15:36:27,383 - INFO - ====== WebDriver manager ======
2025-01-22 15:36:27,512 - INFO - Get LATEST chromedriver version for google-chrome
2025-01-22 15:36:27,562 - INFO - Get LATEST chromedriver version for google-chrome
2025-01-22 15:36:27,610 - INFO - Driver [/home/gabriel/.wdm/drivers/chromedriver/linux64/132.0.6834.83/chromedriver-linux64/chromedriver] found in cache
2025-01-22 15:36:28,740 - INFO - patching driver executable /home/gabriel/.local/share/undetected_chromedriver/undetected_chromedriver
2025-01-22 15:36:35,164 - INFO - Procurando carros ---
2025-01-22 15:36:39,023 - INFO - Abrindo segunda página ---
2025-01-22 15:36:51,555 - INFO - Procurando carros ---
2025-01-22 15:46:52,210 - INFO - Inicializando bot---
2025-01-22 15:46:52,212 - INFO - Abrindo site do Mercado Livre ---
2025-01-22 15:46:52,213 - INFO - ====== WebDriver manager ======
2025-01-22 15:46:52,351 - INFO - Get LATEST chromedriver version for google-chrome
2025-01-22 15:46:52,414 - INFO - Get LATEST chromedriver version for google-chrome
2025-01-22 15:46:52,460 - INFO - Driver [/home/gabriel/.wdm/drivers/chromedriver/linux64/132.0.6834.83/chromedriver-linux64/chromedriver] found in cache
2025-01-22 15:46:53,488 - INFO - patching driver executable /home/gabriel/.local/share/undetected_chromedriver/undetected_chromedriver
2025-01-22 15:46:58,522 - INFO - Procurando carros ---
